2013/06/09 16:18:25 [warning] [application] Gagal mengeset atribut unsafe "url_gambar" dari kelas "Barang".
in C:\xampp\htdocs\AplikasiInventory\protected\controllers\BarangController.php (105)
in C:\xampp\htdocs\AplikasiInventory\protected\controllers\BarangController.php (23)
in C:\xampp\htdocs\AplikasiInventory\index.php (13)
2013/06/09 16:18:34 [warning] [application] Gagal mengeset atribut unsafe "url_gambar" dari kelas "Barang".
in C:\xampp\htdocs\AplikasiInventory\protected\controllers\BarangController.php (105)
in C:\xampp\htdocs\AplikasiInventory\protected\controllers\BarangController.php (23)
in C:\xampp\htdocs\AplikasiInventory\index.php (13)
2013/06/09 16:20:36 [warning] [application] Gagal mengeset atribut unsafe "url_gambar" dari kelas "Barang".
in C:\xampp\htdocs\AplikasiInventory\protected\controllers\BarangController.php (105)
in C:\xampp\htdocs\AplikasiInventory\protected\controllers\BarangController.php (23)
in C:\xampp\htdocs\AplikasiInventory\index.php (13)
2013/06/09 16:20:43 [warning] [application] Gagal mengeset atribut unsafe "url_gambar" dari kelas "Barang".
in C:\xampp\htdocs\AplikasiInventory\protected\controllers\BarangController.php (105)
in C:\xampp\htdocs\AplikasiInventory\protected\controllers\BarangController.php (23)
in C:\xampp\htdocs\AplikasiInventory\index.php (13)
2013/06/09 16:24:11 [warning] [application] Gagal mengeset atribut unsafe "url_gambar" dari kelas "Barang".
in C:\xampp\htdocs\AplikasiInventory\protected\controllers\BarangController.php (155)
in C:\xampp\htdocs\AplikasiInventory\protected\controllers\BarangController.php (23)
in C:\xampp\htdocs\AplikasiInventory\index.php (13)
2013/06/09 16:26:07 [warning] [application] Gagal mengeset atribut unsafe "url_gambar" dari kelas "Barang".
in C:\xampp\htdocs\AplikasiInventory\protected\controllers\BarangController.php (155)
in C:\xampp\htdocs\AplikasiInventory\protected\controllers\BarangController.php (23)
in C:\xampp\htdocs\AplikasiInventory\index.php (13)
2013/06/09 16:26:47 [warning] [application] Gagal mengeset atribut unsafe "url_gambar" dari kelas "Barang".
in C:\xampp\htdocs\AplikasiInventory\protected\controllers\BarangController.php (155)
in C:\xampp\htdocs\AplikasiInventory\protected\controllers\BarangController.php (23)
in C:\xampp\htdocs\AplikasiInventory\index.php (13)
2013/06/09 16:28:13 [warning] [application] Gagal mengeset atribut unsafe "url_gambar" dari kelas "Barang".
in C:\xampp\htdocs\AplikasiInventory\protected\controllers\BarangController.php (107)
in C:\xampp\htdocs\AplikasiInventory\protected\controllers\BarangController.php (23)
in C:\xampp\htdocs\AplikasiInventory\index.php (13)
2013/06/09 16:28:19 [warning] [application] Gagal mengeset atribut unsafe "url_gambar" dari kelas "Barang".
in C:\xampp\htdocs\AplikasiInventory\protected\controllers\BarangController.php (107)
in C:\xampp\htdocs\AplikasiInventory\protected\controllers\BarangController.php (23)
in C:\xampp\htdocs\AplikasiInventory\index.php (13)
2013/06/09 16:28:25 [warning] [application] Gagal mengeset atribut unsafe "url_gambar" dari kelas "Barang".
in C:\xampp\htdocs\AplikasiInventory\protected\controllers\BarangController.php (107)
in C:\xampp\htdocs\AplikasiInventory\protected\controllers\BarangController.php (23)
in C:\xampp\htdocs\AplikasiInventory\index.php (13)
2013/06/09 16:28:33 [warning] [application] Gagal mengeset atribut unsafe "url_gambar" dari kelas "Barang".
in C:\xampp\htdocs\AplikasiInventory\protected\controllers\BarangController.php (107)
in C:\xampp\htdocs\AplikasiInventory\protected\controllers\BarangController.php (23)
in C:\xampp\htdocs\AplikasiInventory\index.php (13)
2013/06/09 16:31:12 [warning] [application] Gagal mengeset atribut unsafe "url_gambar" dari kelas "Barang".
in C:\xampp\htdocs\AplikasiInventory\protected\controllers\BarangController.php (160)
in C:\xampp\htdocs\AplikasiInventory\protected\controllers\BarangController.php (23)
in C:\xampp\htdocs\AplikasiInventory\index.php (13)
2013/06/09 16:32:29 [warning] [application] Gagal mengeset atribut unsafe "url_gambar" dari kelas "Barang".
in C:\xampp\htdocs\AplikasiInventory\protected\controllers\BarangController.php (160)
in C:\xampp\htdocs\AplikasiInventory\protected\controllers\BarangController.php (23)
in C:\xampp\htdocs\AplikasiInventory\index.php (13)
2013/06/09 16:32:34 [warning] [application] Gagal mengeset atribut unsafe "url_gambar" dari kelas "Barang".
in C:\xampp\htdocs\AplikasiInventory\protected\controllers\BarangController.php (160)
in C:\xampp\htdocs\AplikasiInventory\protected\controllers\BarangController.php (23)
in C:\xampp\htdocs\AplikasiInventory\index.php (13)
2013/06/09 16:33:56 [warning] [application] Gagal mengeset atribut unsafe "url_gambar" dari kelas "Barang".
in C:\xampp\htdocs\AplikasiInventory\protected\controllers\BarangController.php (160)
in C:\xampp\htdocs\AplikasiInventory\protected\controllers\BarangController.php (23)
in C:\xampp\htdocs\AplikasiInventory\index.php (13)
2013/06/09 16:34:01 [warning] [application] Gagal mengeset atribut unsafe "url_gambar" dari kelas "Barang".
in C:\xampp\htdocs\AplikasiInventory\protected\controllers\BarangController.php (160)
in C:\xampp\htdocs\AplikasiInventory\protected\controllers\BarangController.php (23)
in C:\xampp\htdocs\AplikasiInventory\index.php (13)
2013/06/09 16:34:04 [warning] [application] Gagal mengeset atribut unsafe "url_gambar" dari kelas "Barang".
in C:\xampp\htdocs\AplikasiInventory\protected\controllers\BarangController.php (160)
in C:\xampp\htdocs\AplikasiInventory\protected\controllers\BarangController.php (23)
in C:\xampp\htdocs\AplikasiInventory\index.php (13)
2013/06/09 16:35:01 [warning] [application] Gagal mengeset atribut unsafe "url_gambar" dari kelas "Barang".
in C:\xampp\htdocs\AplikasiInventory\protected\controllers\BarangController.php (160)
in C:\xampp\htdocs\AplikasiInventory\protected\controllers\BarangController.php (23)
in C:\xampp\htdocs\AplikasiInventory\index.php (13)
2013/06/09 16:35:27 [warning] [application] Gagal mengeset atribut unsafe "url_gambar" dari kelas "Barang".
in C:\xampp\htdocs\AplikasiInventory\protected\controllers\BarangController.php (160)
in C:\xampp\htdocs\AplikasiInventory\protected\controllers\BarangController.php (23)
in C:\xampp\htdocs\AplikasiInventory\index.php (13)
2013/06/09 16:35:33 [warning] [application] Gagal mengeset atribut unsafe "url_gambar" dari kelas "Barang".
in C:\xampp\htdocs\AplikasiInventory\protected\controllers\BarangController.php (160)
in C:\xampp\htdocs\AplikasiInventory\protected\controllers\BarangController.php (23)
in C:\xampp\htdocs\AplikasiInventory\index.php (13)
2013/06/09 16:49:01 [warning] [application] Gagal mengeset atribut unsafe "keterangan" dari kelas "Penyimpanan".
in C:\xampp\htdocs\AplikasiInventory\protected\controllers\BarangController.php (507)
in C:\xampp\htdocs\AplikasiInventory\protected\controllers\BarangController.php (23)
in C:\xampp\htdocs\AplikasiInventory\index.php (13)
2013/06/10 02:59:49 [error] [exception.CException] exception 'CException' with message 'BarangController dan behaviornya tidak memiliki method ataupun closure bernama "addError"' in C:\xampp\htdocs\yii\framework\base\CComponent.php:266
Stack trace:
#0 C:\xampp\htdocs\AplikasiInventory\protected\controllers\BarangController.php(698): CComponent->__call('addError', Array)
#1 C:\xampp\htdocs\AplikasiInventory\protected\controllers\BarangController.php(698): BarangController->addError('jumlah', 'Nama pemohon ti...')
#2 [internal function]: BarangController->actionLaporanKerusakan('1')
#3 C:\xampp\htdocs\yii\framework\web\actions\CAction.php(107): ReflectionMethod->invokeArgs(Object(BarangController), Array)
#4 C:\xampp\htdocs\yii\framework\web\actions\CInlineAction.php(48): CAction->runWithParamsInternal(Object(BarangController), Object(ReflectionMethod), Array)
#5 C:\xampp\htdocs\yii\framework\web\CController.php(309): CInlineAction->runWithParams(Array)
#6 C:\xampp\htdocs\yii\framework\web\filters\CFilterChain.php(134): CController->runAction(Object(CInlineAction))
#7 C:\xampp\htdocs\AplikasiInventory\protected\controllers\BarangController.php(23): CFilterChain->run()
#8 C:\xampp\htdocs\yii\framework\web\filters\CInlineFilter.php(59): BarangController->filterCheckPrivilages(Object(CFilterChain))
#9 C:\xampp\htdocs\yii\framework\web\filters\CFilterChain.php(131): CInlineFilter->filter(Object(CFilterChain))
#10 C:\xampp\htdocs\yii\framework\web\CController.php(292): CFilterChain->run()
#11 C:\xampp\htdocs\yii\framework\web\CController.php(266): CController->runActionWithFilters(Object(CInlineAction), Array)
#12 C:\xampp\htdocs\yii\framework\web\CWebApplication.php(283): CController->run('laporanKerusaka...')
#13 C:\xampp\htdocs\yii\framework\web\CWebApplication.php(142): CWebApplication->runController('barang/laporanK...')
#14 C:\xampp\htdocs\yii\framework\base\CApplication.php(162): CWebApplication->processRequest()
#15 C:\xampp\htdocs\AplikasiInventory\index.php(13): CApplication->run()
#16 {main}
REQUEST_URI=/AplikasiInventory/index.php?r=barang/laporanKerusakan&id=1
HTTP_REFERER=http://localhost:81/AplikasiInventory/index.php?r=barang/laporanKerusakan&id=1
---
2013/06/10 03:18:01 [warning] [application] Gagal mengeset atribut unsafe "keterangan" dari kelas "Penyimpanan".
in C:\xampp\htdocs\AplikasiInventory\protected\controllers\BarangController.php (507)
in C:\xampp\htdocs\AplikasiInventory\protected\controllers\BarangController.php (23)
in C:\xampp\htdocs\AplikasiInventory\index.php (13)
2013/06/10 03:19:59 [warning] [application] Gagal mengeset atribut unsafe "keterangan" dari kelas "Penyimpanan".
in C:\xampp\htdocs\AplikasiInventory\protected\controllers\BarangController.php (507)
in C:\xampp\htdocs\AplikasiInventory\protected\controllers\BarangController.php (23)
in C:\xampp\htdocs\AplikasiInventory\index.php (13)
2013/06/10 03:26:30 [warning] [application] Gagal mengeset atribut unsafe "keterangan" dari kelas "Penyimpanan".
in C:\xampp\htdocs\AplikasiInventory\protected\controllers\BarangController.php (507)
in C:\xampp\htdocs\AplikasiInventory\protected\controllers\BarangController.php (23)
in C:\xampp\htdocs\AplikasiInventory\index.php (13)
2013/06/10 03:26:54 [warning] [application] Gagal mengeset atribut unsafe "keterangan" dari kelas "Penyimpanan".
in C:\xampp\htdocs\AplikasiInventory\protected\controllers\BarangController.php (507)
in C:\xampp\htdocs\AplikasiInventory\protected\controllers\BarangController.php (23)
in C:\xampp\htdocs\AplikasiInventory\index.php (13)
2013/06/10 03:26:59 [warning] [application] Gagal mengeset atribut unsafe "keterangan" dari kelas "Penyimpanan".
in C:\xampp\htdocs\AplikasiInventory\protected\controllers\BarangController.php (507)
in C:\xampp\htdocs\AplikasiInventory\protected\controllers\BarangController.php (23)
in C:\xampp\htdocs\AplikasiInventory\index.php (13)
2013/06/10 03:27:00 [warning] [application] Gagal mengeset atribut unsafe "keterangan" dari kelas "Penyimpanan".
in C:\xampp\htdocs\AplikasiInventory\protected\controllers\BarangController.php (507)
in C:\xampp\htdocs\AplikasiInventory\protected\controllers\BarangController.php (23)
in C:\xampp\htdocs\AplikasiInventory\index.php (13)
2013/06/10 03:28:06 [warning] [application] Gagal mengeset atribut unsafe "keterangan" dari kelas "Penyimpanan".
in C:\xampp\htdocs\AplikasiInventory\protected\controllers\BarangController.php (507)
in C:\xampp\htdocs\AplikasiInventory\protected\controllers\BarangController.php (23)
in C:\xampp\htdocs\AplikasiInventory\index.php (13)
2013/06/10 03:29:16 [warning] [application] Gagal mengeset atribut unsafe "keterangan" dari kelas "Penyimpanan".
in C:\xampp\htdocs\AplikasiInventory\protected\controllers\BarangController.php (507)
in C:\xampp\htdocs\AplikasiInventory\protected\controllers\BarangController.php (23)
in C:\xampp\htdocs\AplikasiInventory\index.php (13)
2013/06/10 03:29:19 [warning] [application] Gagal mengeset atribut unsafe "keterangan" dari kelas "Penyimpanan".
in C:\xampp\htdocs\AplikasiInventory\protected\controllers\BarangController.php (507)
in C:\xampp\htdocs\AplikasiInventory\protected\controllers\BarangController.php (23)
in C:\xampp\htdocs\AplikasiInventory\index.php (13)
2013/06/10 03:29:46 [warning] [application] Gagal mengeset atribut unsafe "keterangan" dari kelas "Penyimpanan".
in C:\xampp\htdocs\AplikasiInventory\protected\controllers\BarangController.php (507)
in C:\xampp\htdocs\AplikasiInventory\protected\controllers\BarangController.php (23)
in C:\xampp\htdocs\AplikasiInventory\index.php (13)
2013/06/10 03:29:48 [warning] [application] Gagal mengeset atribut unsafe "keterangan" dari kelas "Penyimpanan".
in C:\xampp\htdocs\AplikasiInventory\protected\controllers\BarangController.php (507)
in C:\xampp\htdocs\AplikasiInventory\protected\controllers\BarangController.php (23)
in C:\xampp\htdocs\AplikasiInventory\index.php (13)
2013/06/10 03:29:54 [warning] [application] Gagal mengeset atribut unsafe "keterangan" dari kelas "Penyimpanan".
in C:\xampp\htdocs\AplikasiInventory\protected\controllers\BarangController.php (507)
in C:\xampp\htdocs\AplikasiInventory\protected\controllers\BarangController.php (23)
in C:\xampp\htdocs\AplikasiInventory\index.php (13)
2013/06/10 03:31:14 [warning] [application] Gagal mengeset atribut unsafe "keterangan" dari kelas "Penyimpanan".
in C:\xampp\htdocs\AplikasiInventory\protected\controllers\BarangController.php (507)
in C:\xampp\htdocs\AplikasiInventory\protected\controllers\BarangController.php (23)
in C:\xampp\htdocs\AplikasiInventory\index.php (13)
2013/06/10 03:36:46 [error] [php] Uninitialized string offset: 0 (C:\xampp\htdocs\AplikasiInventory\protected\controllers\BarangController.php:553)
Stack trace:
#0 C:\xampp\htdocs\yii\framework\web\filters\CFilterChain.php(134): BarangController->runAction()
#1 C:\xampp\htdocs\AplikasiInventory\protected\controllers\BarangController.php(23): CFilterChain->run()
#2 C:\xampp\htdocs\yii\framework\web\filters\CInlineFilter.php(59): BarangController->filterCheckPrivilages()
#3 C:\xampp\htdocs\yii\framework\web\filters\CFilterChain.php(131): CInlineFilter->filter()
#4 C:\xampp\htdocs\yii\framework\web\CController.php(292): CFilterChain->run()
#5 C:\xampp\htdocs\yii\framework\web\CController.php(266): BarangController->runActionWithFilters()
#6 C:\xampp\htdocs\yii\framework\web\CWebApplication.php(283): BarangController->run()
#7 C:\xampp\htdocs\yii\framework\web\CWebApplication.php(142): CWebApplication->runController()
#8 C:\xampp\htdocs\yii\framework\base\CApplication.php(162): CWebApplication->processRequest()
#9 C:\xampp\htdocs\AplikasiInventory\index.php(13): CWebApplication->run()
REQUEST_URI=/AplikasiInventory/index.php?r=barang/tambahBarangSimpan&jumlah=2&id=2
in C:\xampp\htdocs\AplikasiInventory\protected\controllers\BarangController.php (553)
in C:\xampp\htdocs\AplikasiInventory\protected\controllers\BarangController.php (23)
in C:\xampp\htdocs\AplikasiInventory\index.php (13)
2013/06/10 03:39:45 [error] [php] Trying to get property of non-object (C:\xampp\htdocs\AplikasiInventory\protected\controllers\BarangController.php:532)
Stack trace:
#0 C:\xampp\htdocs\yii\framework\web\filters\CFilterChain.php(134): BarangController->runAction()
#1 C:\xampp\htdocs\AplikasiInventory\protected\controllers\BarangController.php(23): CFilterChain->run()
#2 C:\xampp\htdocs\yii\framework\web\filters\CInlineFilter.php(59): BarangController->filterCheckPrivilages()
#3 C:\xampp\htdocs\yii\framework\web\filters\CFilterChain.php(131): CInlineFilter->filter()
#4 C:\xampp\htdocs\yii\framework\web\CController.php(292): CFilterChain->run()
#5 C:\xampp\htdocs\yii\framework\web\CController.php(266): BarangController->runActionWithFilters()
#6 C:\xampp\htdocs\yii\framework\web\CWebApplication.php(283): BarangController->run()
#7 C:\xampp\htdocs\yii\framework\web\CWebApplication.php(142): CWebApplication->runController()
#8 C:\xampp\htdocs\yii\framework\base\CApplication.php(162): CWebApplication->processRequest()
#9 C:\xampp\htdocs\AplikasiInventory\index.php(13): CWebApplication->run()
REQUEST_URI=/AplikasiInventory/index.php?r=barang/tambahBarangSimpan&jumlah=2&id=2
in C:\xampp\htdocs\AplikasiInventory\protected\controllers\BarangController.php (532)
in C:\xampp\htdocs\AplikasiInventory\protected\controllers\BarangController.php (23)
in C:\xampp\htdocs\AplikasiInventory\index.php (13)
2013/06/10 03:40:01 [warning] [application] Gagal mengeset atribut unsafe "keterangan" dari kelas "Penyimpanan".
in C:\xampp\htdocs\AplikasiInventory\protected\controllers\BarangController.php (507)
in C:\xampp\htdocs\AplikasiInventory\protected\controllers\BarangController.php (23)
in C:\xampp\htdocs\AplikasiInventory\index.php (13)
2013/06/10 03:41:11 [error] [php] Trying to get property of non-object (C:\xampp\htdocs\AplikasiInventory\protected\controllers\BarangController.php:532)
Stack trace:
#0 C:\xampp\htdocs\yii\framework\web\filters\CFilterChain.php(134): BarangController->runAction()
#1 C:\xampp\htdocs\AplikasiInventory\protected\controllers\BarangController.php(23): CFilterChain->run()
#2 C:\xampp\htdocs\yii\framework\web\filters\CInlineFilter.php(59): BarangController->filterCheckPrivilages()
#3 C:\xampp\htdocs\yii\framework\web\filters\CFilterChain.php(131): CInlineFilter->filter()
#4 C:\xampp\htdocs\yii\framework\web\CController.php(292): CFilterChain->run()
#5 C:\xampp\htdocs\yii\framework\web\CController.php(266): BarangController->runActionWithFilters()
#6 C:\xampp\htdocs\yii\framework\web\CWebApplication.php(283): BarangController->run()
#7 C:\xampp\htdocs\yii\framework\web\CWebApplication.php(142): CWebApplication->runController()
#8 C:\xampp\htdocs\yii\framework\base\CApplication.php(162): CWebApplication->processRequest()
#9 C:\xampp\htdocs\AplikasiInventory\index.php(13): CWebApplication->run()
REQUEST_URI=/AplikasiInventory/index.php?r=barang/tambahBarangSimpan&jumlah=2&id=3
in C:\xampp\htdocs\AplikasiInventory\protected\controllers\BarangController.php (532)
in C:\xampp\htdocs\AplikasiInventory\protected\controllers\BarangController.php (23)
in C:\xampp\htdocs\AplikasiInventory\index.php (13)
2013/06/10 03:43:50 [warning] [application] Gagal mengeset atribut unsafe "keterangan" dari kelas "Penyimpanan".
in C:\xampp\htdocs\AplikasiInventory\protected\controllers\BarangController.php (507)
in C:\xampp\htdocs\AplikasiInventory\protected\controllers\BarangController.php (23)
in C:\xampp\htdocs\AplikasiInventory\index.php (13)
2013/06/10 03:44:00 [warning] [application] Gagal mengeset atribut unsafe "keterangan" dari kelas "Penyimpanan".
in C:\xampp\htdocs\AplikasiInventory\protected\controllers\BarangController.php (507)
in C:\xampp\htdocs\AplikasiInventory\protected\controllers\BarangController.php (23)
in C:\xampp\htdocs\AplikasiInventory\index.php (13)
2013/06/10 03:45:02 [warning] [application] Gagal mengeset atribut unsafe "keterangan" dari kelas "Penyimpanan".
in C:\xampp\htdocs\AplikasiInventory\protected\controllers\BarangController.php (507)
in C:\xampp\htdocs\AplikasiInventory\protected\controllers\BarangController.php (23)
in C:\xampp\htdocs\AplikasiInventory\index.php (13)
2013/06/10 03:45:12 [warning] [application] Gagal mengeset atribut unsafe "keterangan" dari kelas "Penyimpanan".
in C:\xampp\htdocs\AplikasiInventory\protected\controllers\BarangController.php (507)
in C:\xampp\htdocs\AplikasiInventory\protected\controllers\BarangController.php (23)
in C:\xampp\htdocs\AplikasiInventory\index.php (13)
2013/06/10 03:45:17 [warning] [application] Gagal mengeset atribut unsafe "keterangan" dari kelas "Penyimpanan".
in C:\xampp\htdocs\AplikasiInventory\protected\controllers\BarangController.php (507)
in C:\xampp\htdocs\AplikasiInventory\protected\controllers\BarangController.php (23)
in C:\xampp\htdocs\AplikasiInventory\index.php (13)
2013/06/10 03:45:22 [warning] [application] Gagal mengeset atribut unsafe "keterangan" dari kelas "Penyimpanan".
in C:\xampp\htdocs\AplikasiInventory\protected\controllers\BarangController.php (507)
in C:\xampp\htdocs\AplikasiInventory\protected\controllers\BarangController.php (23)
in C:\xampp\htdocs\AplikasiInventory\index.php (13)
2013/06/10 03:54:28 [warning] [application] Gagal mengeset atribut unsafe "keterangan" dari kelas "Penyimpanan".
in C:\xampp\htdocs\AplikasiInventory\protected\controllers\BarangController.php (507)
in C:\xampp\htdocs\AplikasiInventory\protected\controllers\BarangController.php (23)
in C:\xampp\htdocs\AplikasiInventory\index.php (13)
2013/06/10 03:55:04 [warning] [application] Gagal mengeset atribut unsafe "keterangan" dari kelas "Penyimpanan".
in C:\xampp\htdocs\AplikasiInventory\protected\controllers\BarangController.php (507)
in C:\xampp\htdocs\AplikasiInventory\protected\controllers\BarangController.php (23)
in C:\xampp\htdocs\AplikasiInventory\index.php (13)
2013/06/10 03:55:22 [warning] [application] Gagal mengeset atribut unsafe "keterangan" dari kelas "Penyimpanan".
in C:\xampp\htdocs\AplikasiInventory\protected\controllers\BarangController.php (507)
in C:\xampp\htdocs\AplikasiInventory\protected\controllers\BarangController.php (23)
in C:\xampp\htdocs\AplikasiInventory\index.php (13)
2013/06/10 03:59:33 [warning] [application] Gagal mengeset atribut unsafe "keterangan" dari kelas "Penyimpanan".
in C:\xampp\htdocs\AplikasiInventory\protected\controllers\BarangController.php (507)
in C:\xampp\htdocs\AplikasiInventory\protected\controllers\BarangController.php (23)
in C:\xampp\htdocs\AplikasiInventory\index.php (13)
2013/06/10 04:00:01 [warning] [application] Gagal mengeset atribut unsafe "keterangan" dari kelas "Penyimpanan".
in C:\xampp\htdocs\AplikasiInventory\protected\controllers\BarangController.php (507)
in C:\xampp\htdocs\AplikasiInventory\protected\controllers\BarangController.php (23)
in C:\xampp\htdocs\AplikasiInventory\index.php (13)
2013/06/10 04:15:32 [warning] [application] Gagal mengeset atribut unsafe "url_gambar" dari kelas "Barang".
in C:\xampp\htdocs\AplikasiInventory\protected\controllers\BarangController.php (112)
in C:\xampp\htdocs\AplikasiInventory\protected\controllers\BarangController.php (23)
in C:\xampp\htdocs\AplikasiInventory\index.php (13)
2013/06/10 04:18:49 [warning] [application] Gagal mengeset atribut unsafe "url_gambar" dari kelas "Barang".
in C:\xampp\htdocs\AplikasiInventory\protected\controllers\BarangController.php (112)
in C:\xampp\htdocs\AplikasiInventory\protected\controllers\BarangController.php (23)
in C:\xampp\htdocs\AplikasiInventory\index.php (13)
2013/06/10 04:20:47 [warning] [application] Gagal mengeset atribut unsafe "url_gambar" dari kelas "Barang".
in C:\xampp\htdocs\AplikasiInventory\protected\controllers\BarangController.php (112)
in C:\xampp\htdocs\AplikasiInventory\protected\controllers\BarangController.php (23)
in C:\xampp\htdocs\AplikasiInventory\index.php (13)
2013/06/10 04:22:59 [warning] [application] Gagal mengeset atribut unsafe "url_gambar" dari kelas "Barang".
in C:\xampp\htdocs\AplikasiInventory\protected\controllers\BarangController.php (112)
in C:\xampp\htdocs\AplikasiInventory\protected\controllers\BarangController.php (23)
in C:\xampp\htdocs\AplikasiInventory\index.php (13)
2013/06/10 04:23:52 [warning] [application] Gagal mengeset atribut unsafe "url_gambar" dari kelas "Barang".
in C:\xampp\htdocs\AplikasiInventory\protected\controllers\BarangController.php (112)
in C:\xampp\htdocs\AplikasiInventory\protected\controllers\BarangController.php (23)
in C:\xampp\htdocs\AplikasiInventory\index.php (13)
2013/06/10 04:25:26 [warning] [application] Gagal mengeset atribut unsafe "url_gambar" dari kelas "Barang".
in C:\xampp\htdocs\AplikasiInventory\protected\controllers\BarangController.php (112)
in C:\xampp\htdocs\AplikasiInventory\protected\controllers\BarangController.php (23)
in C:\xampp\htdocs\AplikasiInventory\index.php (13)
2013/06/10 04:29:48 [warning] [application] Gagal mengeset atribut unsafe "url_gambar" dari kelas "Barang".
in C:\xampp\htdocs\AplikasiInventory\protected\controllers\BarangController.php (160)
in C:\xampp\htdocs\AplikasiInventory\protected\controllers\BarangController.php (23)
in C:\xampp\htdocs\AplikasiInventory\index.php (13)
2013/06/10 04:31:06 [warning] [application] Gagal mengeset atribut unsafe "url_gambar" dari kelas "Barang".
in C:\xampp\htdocs\AplikasiInventory\protected\controllers\BarangController.php (112)
in C:\xampp\htdocs\AplikasiInventory\protected\controllers\BarangController.php (23)
in C:\xampp\htdocs\AplikasiInventory\index.php (13)
2013/06/10 04:32:05 [warning] [application] Gagal mengeset atribut unsafe "url_gambar" dari kelas "Barang".
in C:\xampp\htdocs\AplikasiInventory\protected\controllers\BarangController.php (112)
in C:\xampp\htdocs\AplikasiInventory\protected\controllers\BarangController.php (23)
in C:\xampp\htdocs\AplikasiInventory\index.php (13)
2013/06/10 04:34:53 [warning] [application] Gagal mengeset atribut unsafe "url_gambar" dari kelas "Barang".
in C:\xampp\htdocs\AplikasiInventory\protected\controllers\BarangController.php (112)
in C:\xampp\htdocs\AplikasiInventory\protected\controllers\BarangController.php (23)
in C:\xampp\htdocs\AplikasiInventory\index.php (13)
2013/06/10 04:35:23 [warning] [application] Gagal mengeset atribut unsafe "url_gambar" dari kelas "Barang".
in C:\xampp\htdocs\AplikasiInventory\protected\controllers\BarangController.php (160)
in C:\xampp\htdocs\AplikasiInventory\protected\controllers\BarangController.php (23)
in C:\xampp\htdocs\AplikasiInventory\index.php (13)
2013/06/10 05:38:41 [warning] [application] Gagal mengeset atribut unsafe "url_gambar" dari kelas "Barang".
in C:\xampp\htdocs\AplikasiInventory\protected\controllers\BarangController.php (160)
in C:\xampp\htdocs\AplikasiInventory\protected\controllers\BarangController.php (23)
in C:\xampp\htdocs\AplikasiInventory\index.php (13)
2013/06/10 05:43:48 [warning] [application] Gagal mengeset atribut unsafe "keterangan" dari kelas "Penyimpanan".
in C:\xampp\htdocs\AplikasiInventory\protected\controllers\BarangController.php (507)
in C:\xampp\htdocs\AplikasiInventory\protected\controllers\BarangController.php (23)
in C:\xampp\htdocs\AplikasiInventory\index.php (13)
2013/06/10 05:55:57 [warning] [application] Gagal mengeset atribut unsafe "keterangan" dari kelas "Penyimpanan".
in C:\xampp\htdocs\AplikasiInventory\protected\controllers\BarangController.php (507)
in C:\xampp\htdocs\AplikasiInventory\protected\controllers\BarangController.php (23)
in C:\xampp\htdocs\AplikasiInventory\index.php (13)
2013/06/10 05:56:47 [warning] [application] Gagal mengeset atribut unsafe "keterangan" dari kelas "Penyimpanan".
in C:\xampp\htdocs\AplikasiInventory\protected\controllers\BarangController.php (507)
in C:\xampp\htdocs\AplikasiInventory\protected\controllers\BarangController.php (23)
in C:\xampp\htdocs\AplikasiInventory\index.php (13)
2013/06/10 08:15:30 [warning] [application] Gagal mengeset atribut unsafe "url_gambar" dari kelas "Barang".
in C:\xampp\htdocs\AplikasiInventory\protected\controllers\BarangController.php (160)
in C:\xampp\htdocs\AplikasiInventory\protected\controllers\BarangController.php (23)
in C:\xampp\htdocs\AplikasiInventory\index.php (13)
2013/06/10 08:49:03 [warning] [application] Gagal mengeset atribut unsafe "url_gambar" dari kelas "Barang".
in C:\xampp\htdocs\AplikasiInventory\protected\controllers\BarangController.php (160)
in C:\xampp\htdocs\AplikasiInventory\protected\controllers\BarangController.php (23)
in C:\xampp\htdocs\AplikasiInventory\index.php (13)
2013/06/10 08:50:57 [warning] [application] Gagal mengeset atribut unsafe "url_gambar" dari kelas "Barang".
in C:\xampp\htdocs\AplikasiInventory\protected\controllers\BarangController.php (112)
in C:\xampp\htdocs\AplikasiInventory\protected\controllers\BarangController.php (23)
in C:\xampp\htdocs\AplikasiInventory\index.php (13)
2013/06/10 08:52:28 [warning] [application] Gagal mengeset atribut unsafe "keterangan" dari kelas "Penyimpanan".
in C:\xampp\htdocs\AplikasiInventory\protected\controllers\BarangController.php (507)
in C:\xampp\htdocs\AplikasiInventory\protected\controllers\BarangController.php (23)
in C:\xampp\htdocs\AplikasiInventory\index.php (13)
2013/06/14 08:26:51 [error] [php] date() expects at least 1 parameter, 0 given (C:\xampp\htdocs\AplikasiInventory\protected\models\Pemasukan.php:79)
Stack trace:
#0 C:\xampp\htdocs\yii\framework\base\CModel.php(259): Pemasukan->createValidators()
#1 C:\xampp\htdocs\yii\framework\base\CModel.php(544): Pemasukan->getValidators()
#2 C:\xampp\htdocs\yii\framework\base\CModel.php(466): Pemasukan->getSafeAttributeNames()
#3 C:\xampp\htdocs\yii\framework\base\CComponent.php(153): Pemasukan->setAttributes()
#4 C:\xampp\htdocs\yii\framework\db\ar\CActiveRecord.php(160): Pemasukan->__set()
#5 C:\xampp\htdocs\AplikasiInventory\protected\controllers\BarangController.php(111): Pemasukan->__set()
#6 C:\xampp\htdocs\yii\framework\web\actions\CInlineAction.php(50): BarangController->actionCreate()
#7 C:\xampp\htdocs\yii\framework\web\CController.php(309): CInlineAction->runWithParams()
#8 C:\xampp\htdocs\yii\framework\web\filters\CFilterChain.php(134): BarangController->runAction()
#9 C:\xampp\htdocs\AplikasiInventory\protected\controllers\BarangController.php(23): CFilterChain->run()
#10 C:\xampp\htdocs\yii\framework\web\filters\CInlineFilter.php(59): BarangController->filterCheckPrivilages()
#11 C:\xampp\htdocs\yii\framework\web\filters\CFilterChain.php(131): CInlineFilter->filter()
#12 C:\xampp\htdocs\yii\framework\web\CController.php(292): CFilterChain->run()
#13 C:\xampp\htdocs\yii\framework\web\CController.php(266): BarangController->runActionWithFilters()
#14 C:\xampp\htdocs\yii\framework\web\CWebApplication.php(283): BarangController->run()
#15 C:\xampp\htdocs\yii\framework\web\CWebApplication.php(142): CWebApplication->runController()
#16 C:\xampp\htdocs\yii\framework\base\CApplication.php(162): CWebApplication->processRequest()
#17 C:\xampp\htdocs\AplikasiInventory\index.php(13): CWebApplication->run()
REQUEST_URI=/AplikasiInventory/index.php?r=barang/create
in C:\xampp\htdocs\AplikasiInventory\protected\models\Pemasukan.php (79)
in C:\xampp\htdocs\AplikasiInventory\protected\controllers\BarangController.php (111)
in C:\xampp\htdocs\AplikasiInventory\protected\controllers\BarangController.php (23)
2013/06/14 08:27:07 [warning] [application] Gagal mengeset atribut unsafe "url_gambar" dari kelas "Barang".
in C:\xampp\htdocs\AplikasiInventory\protected\controllers\BarangController.php (112)
in C:\xampp\htdocs\AplikasiInventory\protected\controllers\BarangController.php (23)
in C:\xampp\htdocs\AplikasiInventory\index.php (13)
2013/06/14 08:27:07 [error] [exception.CException] exception 'CException' with message 'Properti "Pemasukan.tgl_peminjaman" tidak didefinisikan.' in C:\xampp\htdocs\yii\framework\base\CComponent.php:131
Stack trace:
#0 C:\xampp\htdocs\yii\framework\db\ar\CActiveRecord.php(144): CComponent->__get('tgl_peminjaman')
#1 C:\xampp\htdocs\yii\framework\validators\CCompareValidator.php(83): CActiveRecord->__get('tgl_peminjaman')
#2 C:\xampp\htdocs\yii\framework\validators\CValidator.php(214): CCompareValidator->validateAttribute(Object(Pemasukan), 'tgl_peminjaman')
#3 C:\xampp\htdocs\yii\framework\base\CModel.php(158): CValidator->validate(Object(Pemasukan), NULL)
#4 C:\xampp\htdocs\yii\framework\db\ar\CActiveRecord.php(795): CModel->validate(NULL)
#5 C:\xampp\htdocs\AplikasiInventory\protected\controllers\BarangController.php(139): CActiveRecord->save()
#6 C:\xampp\htdocs\yii\framework\web\actions\CInlineAction.php(50): BarangController->actionCreate()
#7 C:\xampp\htdocs\yii\framework\web\CController.php(309): CInlineAction->runWithParams(Array)
#8 C:\xampp\htdocs\yii\framework\web\filters\CFilterChain.php(134): CController->runAction(Object(CInlineAction))
#9 C:\xampp\htdocs\AplikasiInventory\protected\controllers\BarangController.php(23): CFilterChain->run()
#10 C:\xampp\htdocs\yii\framework\web\filters\CInlineFilter.php(59): BarangController->filterCheckPrivilages(Object(CFilterChain))
#11 C:\xampp\htdocs\yii\framework\web\filters\CFilterChain.php(131): CInlineFilter->filter(Object(CFilterChain))
#12 C:\xampp\htdocs\yii\framework\web\CController.php(292): CFilterChain->run()
#13 C:\xampp\htdocs\yii\framework\web\CController.php(266): CController->runActionWithFilters(Object(CInlineAction), Array)
#14 C:\xampp\htdocs\yii\framework\web\CWebApplication.php(283): CController->run('create')
#15 C:\xampp\htdocs\yii\framework\web\CWebApplication.php(142): CWebApplication->runController('barang/create')
#16 C:\xampp\htdocs\yii\framework\base\CApplication.php(162): CWebApplication->processRequest()
#17 C:\xampp\htdocs\AplikasiInventory\index.php(13): CApplication->run()
#18 {main}
REQUEST_URI=/AplikasiInventory/index.php?r=barang/create
HTTP_REFERER=http://localhost:81/AplikasiInventory/index.php?r=barang/create
---
2013/06/14 08:27:18 [warning] [application] Gagal mengeset atribut unsafe "url_gambar" dari kelas "Barang".
in C:\xampp\htdocs\AplikasiInventory\protected\controllers\BarangController.php (112)
in C:\xampp\htdocs\AplikasiInventory\protected\controllers\BarangController.php (23)
in C:\xampp\htdocs\AplikasiInventory\index.php (13)
2013/06/14 08:27:37 [warning] [application] Gagal mengeset atribut unsafe "url_gambar" dari kelas "Barang".
in C:\xampp\htdocs\AplikasiInventory\protected\controllers\BarangController.php (112)
in C:\xampp\htdocs\AplikasiInventory\protected\controllers\BarangController.php (23)
in C:\xampp\htdocs\AplikasiInventory\index.php (13)
2013/06/14 08:27:37 [error] [exception.CException] exception 'CException' with message 'Properti "Pemasukan.date()" tidak didefinisikan.' in C:\xampp\htdocs\yii\framework\base\CComponent.php:131
Stack trace:
#0 C:\xampp\htdocs\yii\framework\db\ar\CActiveRecord.php(144): CComponent->__get('date()')
#1 C:\xampp\htdocs\yii\framework\validators\CCompareValidator.php(91): CActiveRecord->__get('date()')
#2 C:\xampp\htdocs\yii\framework\validators\CValidator.php(214): CCompareValidator->validateAttribute(Object(Pemasukan), 'tgl_pemasukan')
#3 C:\xampp\htdocs\yii\framework\base\CModel.php(158): CValidator->validate(Object(Pemasukan), NULL)
#4 C:\xampp\htdocs\yii\framework\db\ar\CActiveRecord.php(795): CModel->validate(NULL)
#5 C:\xampp\htdocs\AplikasiInventory\protected\controllers\BarangController.php(139): CActiveRecord->save()
#6 C:\xampp\htdocs\yii\framework\web\actions\CInlineAction.php(50): BarangController->actionCreate()
#7 C:\xampp\htdocs\yii\framework\web\CController.php(309): CInlineAction->runWithParams(Array)
#8 C:\xampp\htdocs\yii\framework\web\filters\CFilterChain.php(134): CController->runAction(Object(CInlineAction))
#9 C:\xampp\htdocs\AplikasiInventory\protected\controllers\BarangController.php(23): CFilterChain->run()
#10 C:\xampp\htdocs\yii\framework\web\filters\CInlineFilter.php(59): BarangController->filterCheckPrivilages(Object(CFilterChain))
#11 C:\xampp\htdocs\yii\framework\web\filters\CFilterChain.php(131): CInlineFilter->filter(Object(CFilterChain))
#12 C:\xampp\htdocs\yii\framework\web\CController.php(292): CFilterChain->run()
#13 C:\xampp\htdocs\yii\framework\web\CController.php(266): CController->runActionWithFilters(Object(CInlineAction), Array)
#14 C:\xampp\htdocs\yii\framework\web\CWebApplication.php(283): CController->run('create')
#15 C:\xampp\htdocs\yii\framework\web\CWebApplication.php(142): CWebApplication->runController('barang/create')
#16 C:\xampp\htdocs\yii\framework\base\CApplication.php(162): CWebApplication->processRequest()
#17 C:\xampp\htdocs\AplikasiInventory\index.php(13): CApplication->run()
#18 {main}
REQUEST_URI=/AplikasiInventory/index.php?r=barang/create
HTTP_REFERER=http://localhost:81/AplikasiInventory/index.php?r=barang/create
---
2013/06/14 08:28:03 [warning] [application] Gagal mengeset atribut unsafe "url_gambar" dari kelas "Barang".
in C:\xampp\htdocs\AplikasiInventory\protected\controllers\BarangController.php (112)
in C:\xampp\htdocs\AplikasiInventory\protected\controllers\BarangController.php (23)
in C:\xampp\htdocs\AplikasiInventory\index.php (13)
2013/06/14 08:29:19 [warning] [application] Gagal mengeset atribut unsafe "url_gambar" dari kelas "Barang".
in C:\xampp\htdocs\AplikasiInventory\protected\controllers\BarangController.php (112)
in C:\xampp\htdocs\AplikasiInventory\protected\controllers\BarangController.php (23)
in C:\xampp\htdocs\AplikasiInventory\index.php (13)
2013/06/14 08:29:19 [error] [exception.CException] exception 'CException' with message 'Properti "Pemasukan.NOW()" tidak didefinisikan.' in C:\xampp\htdocs\yii\framework\base\CComponent.php:131
Stack trace:
#0 C:\xampp\htdocs\yii\framework\db\ar\CActiveRecord.php(144): CComponent->__get('NOW()')
#1 C:\xampp\htdocs\yii\framework\validators\CCompareValidator.php(91): CActiveRecord->__get('NOW()')
#2 C:\xampp\htdocs\yii\framework\validators\CValidator.php(214): CCompareValidator->validateAttribute(Object(Pemasukan), 'tgl_pemasukan')
#3 C:\xampp\htdocs\yii\framework\base\CModel.php(158): CValidator->validate(Object(Pemasukan), NULL)
#4 C:\xampp\htdocs\yii\framework\db\ar\CActiveRecord.php(795): CModel->validate(NULL)
#5 C:\xampp\htdocs\AplikasiInventory\protected\controllers\BarangController.php(139): CActiveRecord->save()
#6 C:\xampp\htdocs\yii\framework\web\actions\CInlineAction.php(50): BarangController->actionCreate()
#7 C:\xampp\htdocs\yii\framework\web\CController.php(309): CInlineAction->runWithParams(Array)
#8 C:\xampp\htdocs\yii\framework\web\filters\CFilterChain.php(134): CController->runAction(Object(CInlineAction))
#9 C:\xampp\htdocs\AplikasiInventory\protected\controllers\BarangController.php(23): CFilterChain->run()
#10 C:\xampp\htdocs\yii\framework\web\filters\CInlineFilter.php(59): BarangController->filterCheckPrivilages(Object(CFilterChain))
#11 C:\xampp\htdocs\yii\framework\web\filters\CFilterChain.php(131): CInlineFilter->filter(Object(CFilterChain))
#12 C:\xampp\htdocs\yii\framework\web\CController.php(292): CFilterChain->run()
#13 C:\xampp\htdocs\yii\framework\web\CController.php(266): CController->runActionWithFilters(Object(CInlineAction), Array)
#14 C:\xampp\htdocs\yii\framework\web\CWebApplication.php(283): CController->run('create')
#15 C:\xampp\htdocs\yii\framework\web\CWebApplication.php(142): CWebApplication->runController('barang/create')
#16 C:\xampp\htdocs\yii\framework\base\CApplication.php(162): CWebApplication->processRequest()
#17 C:\xampp\htdocs\AplikasiInventory\index.php(13): CApplication->run()
#18 {main}
REQUEST_URI=/AplikasiInventory/index.php?r=barang/create
HTTP_REFERER=http://localhost:81/AplikasiInventory/index.php?r=barang/create
---
2013/06/14 08:38:52 [error] [php] date() expects at least 1 parameter, 0 given (C:\xampp\htdocs\AplikasiInventory\protected\controllers\BarangController.php:732)
Stack trace:
#0 unknown(0): BarangController->actionAdd()
#1 C:\xampp\htdocs\yii\framework\web\actions\CAction.php(107): ReflectionMethod->invokeArgs()
#2 C:\xampp\htdocs\yii\framework\web\actions\CInlineAction.php(48): CInlineAction->runWithParamsInternal()
#3 C:\xampp\htdocs\yii\framework\web\CController.php(309): CInlineAction->runWithParams()
#4 C:\xampp\htdocs\yii\framework\web\filters\CFilterChain.php(134): BarangController->runAction()
#5 C:\xampp\htdocs\AplikasiInventory\protected\controllers\BarangController.php(23): CFilterChain->run()
#6 C:\xampp\htdocs\yii\framework\web\filters\CInlineFilter.php(59): BarangController->filterCheckPrivilages()
#7 C:\xampp\htdocs\yii\framework\web\filters\CFilterChain.php(131): CInlineFilter->filter()
#8 C:\xampp\htdocs\yii\framework\web\CController.php(292): CFilterChain->run()
#9 C:\xampp\htdocs\yii\framework\web\CController.php(266): BarangController->runActionWithFilters()
#10 C:\xampp\htdocs\yii\framework\web\CWebApplication.php(283): BarangController->run()
#11 C:\xampp\htdocs\yii\framework\web\CWebApplication.php(142): CWebApplication->runController()
#12 C:\xampp\htdocs\yii\framework\base\CApplication.php(162): CWebApplication->processRequest()
#13 C:\xampp\htdocs\AplikasiInventory\index.php(13): CWebApplication->run()
REQUEST_URI=/AplikasiInventory/index.php?r=barang/add&id=1
in C:\xampp\htdocs\AplikasiInventory\protected\controllers\BarangController.php (732)
in C:\xampp\htdocs\AplikasiInventory\protected\controllers\BarangController.php (51)
in C:\xampp\htdocs\AplikasiInventory\protected\controllers\BarangController.php (23)
2013/06/14 08:51:33 [warning] [application] Gagal mengeset atribut unsafe "url_gambar" dari kelas "Barang".
in C:\xampp\htdocs\AplikasiInventory\protected\controllers\BarangController.php (112)
in C:\xampp\htdocs\AplikasiInventory\protected\controllers\BarangController.php (23)
in C:\xampp\htdocs\AplikasiInventory\index.php (13)
2013/06/14 08:51:57 [warning] [application] Gagal mengeset atribut unsafe "url_gambar" dari kelas "Barang".
in C:\xampp\htdocs\AplikasiInventory\protected\controllers\BarangController.php (112)
in C:\xampp\htdocs\AplikasiInventory\protected\controllers\BarangController.php (23)
in C:\xampp\htdocs\AplikasiInventory\index.php (13)
2013/06/14 08:52:04 [warning] [application] Gagal mengeset atribut unsafe "url_gambar" dari kelas "Barang".
in C:\xampp\htdocs\AplikasiInventory\protected\controllers\BarangController.php (112)
in C:\xampp\htdocs\AplikasiInventory\protected\controllers\BarangController.php (23)
in C:\xampp\htdocs\AplikasiInventory\index.php (13)
2013/06/14 08:57:50 [warning] [application] Gagal mengeset atribut unsafe "keterangan" dari kelas "Penyimpanan".
in C:\xampp\htdocs\AplikasiInventory\protected\controllers\BarangController.php (516)
in C:\xampp\htdocs\AplikasiInventory\protected\controllers\BarangController.php (23)
in C:\xampp\htdocs\AplikasiInventory\index.php (13)
2013/06/14 08:57:50 [error] [php] Undefined variable: penyimpanan (C:\xampp\htdocs\AplikasiInventory\protected\controllers\BarangController.php:522)
Stack trace:
#0 C:\xampp\htdocs\yii\framework\web\filters\CFilterChain.php(134): BarangController->runAction()
#1 C:\xampp\htdocs\AplikasiInventory\protected\controllers\BarangController.php(23): CFilterChain->run()
#2 C:\xampp\htdocs\yii\framework\web\filters\CInlineFilter.php(59): BarangController->filterCheckPrivilages()
#3 C:\xampp\htdocs\yii\framework\web\filters\CFilterChain.php(131): CInlineFilter->filter()
#4 C:\xampp\htdocs\yii\framework\web\CController.php(292): CFilterChain->run()
#5 C:\xampp\htdocs\yii\framework\web\CController.php(266): BarangController->runActionWithFilters()
#6 C:\xampp\htdocs\yii\framework\web\CWebApplication.php(283): BarangController->run()
#7 C:\xampp\htdocs\yii\framework\web\CWebApplication.php(142): CWebApplication->runController()
#8 C:\xampp\htdocs\yii\framework\base\CApplication.php(162): CWebApplication->processRequest()
#9 C:\xampp\htdocs\AplikasiInventory\index.php(13): CWebApplication->run()
REQUEST_URI=/AplikasiInventory/index.php?r=barang/simpanBarang
in C:\xampp\htdocs\AplikasiInventory\protected\controllers\BarangController.php (522)
in C:\xampp\htdocs\AplikasiInventory\protected\controllers\BarangController.php (23)
in C:\xampp\htdocs\AplikasiInventory\index.php (13)
2013/06/14 08:58:31 [warning] [application] Gagal mengeset atribut unsafe "keterangan" dari kelas "Penyimpanan".
in C:\xampp\htdocs\AplikasiInventory\protected\controllers\BarangController.php (516)
in C:\xampp\htdocs\AplikasiInventory\protected\controllers\BarangController.php (23)
in C:\xampp\htdocs\AplikasiInventory\index.php (13)
2013/06/14 08:58:57 [warning] [application] Gagal mengeset atribut unsafe "keterangan" dari kelas "Penyimpanan".
in C:\xampp\htdocs\AplikasiInventory\protected\controllers\BarangController.php (516)
in C:\xampp\htdocs\AplikasiInventory\protected\controllers\BarangController.php (23)
in C:\xampp\htdocs\AplikasiInventory\index.php (13)
2013/06/14 08:59:40 [warning] [application] Gagal mengeset atribut unsafe "keterangan" dari kelas "Penyimpanan".
in C:\xampp\htdocs\AplikasiInventory\protected\controllers\BarangController.php (516)
in C:\xampp\htdocs\AplikasiInventory\protected\controllers\BarangController.php (23)
in C:\xampp\htdocs\AplikasiInventory\index.php (13)
2013/06/14 08:59:46 [warning] [application] Gagal mengeset atribut unsafe "keterangan" dari kelas "Penyimpanan".
in C:\xampp\htdocs\AplikasiInventory\protected\controllers\BarangController.php (516)
in C:\xampp\htdocs\AplikasiInventory\protected\controllers\BarangController.php (23)
in C:\xampp\htdocs\AplikasiInventory\index.php (13)
2013/06/14 08:59:51 [warning] [application] Gagal mengeset atribut unsafe "keterangan" dari kelas "Penyimpanan".
in C:\xampp\htdocs\AplikasiInventory\protected\controllers\BarangController.php (516)
in C:\xampp\htdocs\AplikasiInventory\protected\controllers\BarangController.php (23)
in C:\xampp\htdocs\AplikasiInventory\index.php (13)
2013/06/14 09:00:02 [warning] [application] Gagal mengeset atribut unsafe "keterangan" dari kelas "Penyimpanan".
in C:\xampp\htdocs\AplikasiInventory\protected\controllers\BarangController.php (516)
in C:\xampp\htdocs\AplikasiInventory\protected\controllers\BarangController.php (23)
in C:\xampp\htdocs\AplikasiInventory\index.php (13)
2015/12/09 12:40:20 [warning] [application] Gagal mengeset atribut unsafe "url_gambar" dari kelas "Barang".
in C:\xampp\htdocs\aplikasiinventory\protected\controllers\BarangController.php (112)
in C:\xampp\htdocs\aplikasiinventory\protected\controllers\BarangController.php (23)
in C:\xampp\htdocs\aplikasiinventory\index.php (13)
2015/12/09 12:40:43 [warning] [application] Gagal mengeset atribut unsafe "url_gambar" dari kelas "Barang".
in C:\xampp\htdocs\aplikasiinventory\protected\controllers\BarangController.php (112)
in C:\xampp\htdocs\aplikasiinventory\protected\controllers\BarangController.php (23)
in C:\xampp\htdocs\aplikasiinventory\index.php (13)
2017/11/05 18:53:09 [warning] [application] Gagal mengeset atribut unsafe "keterangan" dari kelas "Penyimpanan".
in C:\xampp\htdocs\aplikasiinventory\protected\controllers\BarangController.php (516)
in C:\xampp\htdocs\aplikasiinventory\protected\controllers\BarangController.php (23)
in C:\xampp\htdocs\aplikasiinventory\index.php (13)
